<?xml version="1.0" encoding="UTF-8"?>
<!-- Generated by org.testng.reporters.JUnitXMLReporter -->
<testsuite ignored="0" hostname="DESKTOP-TMRIIUO" failures="3" tests="10" name="Selenium Tests" time="40.696" errors="0" timestamp="2026-05-18T19:20:44 PDT">
  <testcase classname="tests.LoginTest" name="emptyPasswordTest_TC03" time="0.657"/>
  <testcase classname="tests.LoginTest" name="emptyUsernameTest_TC02" time="0.87"/>
  <testcase classname="tests.LoginTest" name="incorrectPasswordTest_TC05" time="1.146"/>
  <testcase classname="tests.LoginTest" name="incorrectUserNameTest_TC04" time="1.25"/>
  <testcase classname="tests.LoginTest" name="lockedUserTest_TC06" time="1.31"/>
  <testcase classname="tests.LoginTest" name="validLoginTest_TC01" time="0.603"/>
  <testcase classname="tests.CartTest" name="addMultipleItems_TC_CART_02" time="0.973">
    <failure type="java.lang.AssertionError" message="Multiple items not added correctly expected [2] but found [1]">
      <![CDATA[java.lang.AssertionError: Multiple items not added correctly expected [2] but found [1]
at tests.CartTest.addMultipleItems_TC_CART_02(CartTest.java:37)
at java.base/java.util.ArrayList.forEach(ArrayList.java:1596)
... Removed 35 stack frames]]>
    </failure>
  </testcase> <!-- addMultipleItems_TC_CART_02 -->
  <testcase classname="tests.CartTest" name="addSingleItem_TC_CART_01" time="0.598"/>
  <testcase classname="tests.CartTest" name="cartBadgeCount_TC_CART_04" time="0.556">
    <failure type="java.lang.AssertionError" message="Cart badge count is incorrect expected [2] but found [1]">
      <![CDATA[java.lang.AssertionError: Cart badge count is incorrect expected [2] but found [1]
at tests.CartTest.cartBadgeCount_TC_CART_04(CartTest.java:68)
at java.base/java.util.ArrayList.forEach(ArrayList.java:1596)
... Removed 35 stack frames]]>
    </failure>
  </testcase> <!-- cartBadgeCount_TC_CART_04 -->
  <testcase classname="tests.CartTest" name="removeItem_TC_CART_03" time="0.814">
    <failure type="java.lang.AssertionError" message="Item was not removed expected [0] but found [1]">
      <![CDATA[java.lang.AssertionError: Item was not removed expected [0] but found [1]
at tests.CartTest.removeItem_TC_CART_03(CartTest.java:53)
at java.base/java.util.ArrayList.forEach(ArrayList.java:1596)
... Removed 35 stack frames]]>
    </failure>
  </testcase> <!-- removeItem_TC_CART_03 -->
</testsuite> <!-- Selenium Tests -->
