<?xml version="1.0" encoding="UTF-8"?>
<testng-results ignored="0" total="10" passed="7" failed="3" skipped="0">
  <reporter-output>
  </reporter-output>
  <suite started-at="2026-05-18T19:20:04 PDT" name="Automation Suite" finished-at="2026-05-18T19:20:44 PDT" duration-ms="40696">
    <groups>
    </groups>
    <test started-at="2026-05-18T19:20:04 PDT" name="Selenium Tests" finished-at="2026-05-18T19:20:44 PDT" duration-ms="40696">
      <class name="tests.LoginTest">
        <test-method is-config="true" signature="setup()[pri:0, instance:tests.LoginTest@3e27ba32]" started-at="2026-05-18T19:20:04 PDT" name="setup" finished-at="2026-05-18T19:20:10 PDT" duration-ms="5974" status="PASS">
          <reporter-output>
          </reporter-output>
        </test-method> <!-- setup -->
        <test-method signature="emptyPasswordTest_TC03()[pri:0, instance:tests.LoginTest@3e27ba32]" started-at="2026-05-18T19:20:10 PDT" name="emptyPasswordTest_TC03" finished-at="2026-05-18T19:20:10 PDT" duration-ms="657" status="PASS">
          <reporter-output>
          </reporter-output>
        </test-method> <!-- emptyPasswordTest_TC03 -->
        <test-method is-config="true" signature="tearDown()[pri:0, instance:tests.LoginTest@3e27ba32]" started-at="2026-05-18T19:20:10 PDT" name="tearDown" finished-at="2026-05-18T19:20:11 PDT" duration-ms="306" status="PASS">
          <reporter-output>
          </reporter-output>
        </test-method> <!-- tearDown -->
        <test-method is-config="true" signature="setup()[pri:0, instance:tests.LoginTest@3e27ba32]" started-at="2026-05-18T19:20:11 PDT" name="setup" finished-at="2026-05-18T19:20:15 PDT" duration-ms="4692" status="PASS">
          <reporter-output>
          </reporter-output>
        </test-method> <!-- setup -->
        <test-method signature="emptyUsernameTest_TC02()[pri:0, instance:tests.LoginTest@3e27ba32]" started-at="2026-05-18T19:20:15 PDT" name="emptyUsernameTest_TC02" finished-at="2026-05-18T19:20:16 PDT" duration-ms="870" status="PASS">
          <reporter-output>
          </reporter-output>
        </test-method> <!-- emptyUsernameTest_TC02 -->
        <test-method is-config="true" signature="tearDown()[pri:0, instance:tests.LoginTest@3e27ba32]" started-at="2026-05-18T19:20:16 PDT" name="tearDown" finished-at="2026-05-18T19:20:17 PDT" duration-ms="410" status="PASS">
          <reporter-output>
          </reporter-output>
        </test-method> <!-- tearDown -->
        <test-method is-config="true" signature="setup()[pri:0, instance:tests.LoginTest@3e27ba32]" started-at="2026-05-18T19:20:17 PDT" name="setup" finished-at="2026-05-18T19:20:19 PDT" duration-ms="2323" status="PASS">
          <reporter-output>
          </reporter-output>
        </test-method> <!-- setup -->
        <test-method signature="incorrectPasswordTest_TC05()[pri:0, instance:tests.LoginTest@3e27ba32]" started-at="2026-05-18T19:20:19 PDT" name="incorrectPasswordTest_TC05" finished-at="2026-05-18T19:20:20 PDT" duration-ms="1146" status="PASS">
          <reporter-output>
          </reporter-output>
        </test-method> <!-- incorrectPasswordTest_TC05 -->
        <test-method is-config="true" signature="tearDown()[pri:0, instance:tests.LoginTest@3e27ba32]" started-at="2026-05-18T19:20:20 PDT" name="tearDown" finished-at="2026-05-18T19:20:21 PDT" duration-ms="445" status="PASS">
          <reporter-output>
          </reporter-output>
        </test-method> <!-- tearDown -->
        <test-method is-config="true" signature="setup()[pri:0, instance:tests.LoginTest@3e27ba32]" started-at="2026-05-18T19:20:21 PDT" name="setup" finished-at="2026-05-18T19:20:24 PDT" duration-ms="2687" status="PASS">
          <reporter-output>
          </reporter-output>
        </test-method> <!-- setup -->
        <test-method signature="incorrectUserNameTest_TC04()[pri:0, instance:tests.LoginTest@3e27ba32]" started-at="2026-05-18T19:20:24 PDT" name="incorrectUserNameTest_TC04" finished-at="2026-05-18T19:20:25 PDT" duration-ms="1250" status="PASS">
          <reporter-output>
          </reporter-output>
        </test-method> <!-- incorrectUserNameTest_TC04 -->
        <test-method is-config="true" signature="tearDown()[pri:0, instance:tests.LoginTest@3e27ba32]" started-at="2026-05-18T19:20:25 PDT" name="tearDown" finished-at="2026-05-18T19:20:26 PDT" duration-ms="796" status="PASS">
          <reporter-output>
          </reporter-output>
        </test-method> <!-- tearDown -->
        <test-method is-config="true" signature="setup()[pri:0, instance:tests.LoginTest@3e27ba32]" started-at="2026-05-18T19:20:26 PDT" name="setup" finished-at="2026-05-18T19:20:28 PDT" duration-ms="2137" status="PASS">
          <reporter-output>
          </reporter-output>
        </test-method> <!-- setup -->
        <test-method signature="lockedUserTest_TC06()[pri:0, instance:tests.LoginTest@3e27ba32]" started-at="2026-05-18T19:20:28 PDT" name="lockedUserTest_TC06" finished-at="2026-05-18T19:20:29 PDT" duration-ms="1310" status="PASS">
          <reporter-output>
          </reporter-output>
        </test-method> <!-- lockedUserTest_TC06 -->
        <test-method is-config="true" signature="tearDown()[pri:0, instance:tests.LoginTest@3e27ba32]" started-at="2026-05-18T19:20:29 PDT" name="tearDown" finished-at="2026-05-18T19:20:29 PDT" duration-ms="305" status="PASS">
          <reporter-output>
          </reporter-output>
        </test-method> <!-- tearDown -->
        <test-method is-config="true" signature="setup()[pri:0, instance:tests.LoginTest@3e27ba32]" started-at="2026-05-18T19:20:29 PDT" name="setup" finished-at="2026-05-18T19:20:31 PDT" duration-ms="1973" status="PASS">
          <reporter-output>
          </reporter-output>
        </test-method> <!-- setup -->
        <test-method signature="validLoginTest_TC01()[pri:0, instance:tests.LoginTest@3e27ba32]" started-at="2026-05-18T19:20:31 PDT" name="validLoginTest_TC01" finished-at="2026-05-18T19:20:32 PDT" duration-ms="603" status="PASS">
          <reporter-output>
          </reporter-output>
        </test-method> <!-- validLoginTest_TC01 -->
        <test-method is-config="true" signature="tearDown()[pri:0, instance:tests.LoginTest@3e27ba32]" started-at="2026-05-18T19:20:32 PDT" name="tearDown" finished-at="2026-05-18T19:20:32 PDT" duration-ms="290" status="PASS">
          <reporter-output>
          </reporter-output>
        </test-method> <!-- tearDown -->
      </class> <!-- tests.LoginTest -->
      <class name="tests.CartTest">
        <test-method is-config="true" signature="setup()[pri:0, instance:tests.CartTest@57a78e3]" started-at="2026-05-18T19:20:32 PDT" name="setup" finished-at="2026-05-18T19:20:34 PDT" duration-ms="2149" status="PASS">
          <reporter-output>
          </reporter-output>
        </test-method> <!-- setup -->
        <test-method signature="addMultipleItems_TC_CART_02()[pri:0, instance:tests.CartTest@57a78e3]" started-at="2026-05-18T19:20:34 PDT" name="addMultipleItems_TC_CART_02" finished-at="2026-05-18T19:20:35 PDT" duration-ms="973" status="FAIL">
          <exception class="java.lang.AssertionError">
            <message>
              <![CDATA[Multiple items not added correctly expected [2] but found [1]]]>
            </message>
            <full-stacktrace>
              <![CDATA[java.lang.AssertionError: Multiple items not added correctly expected [2] but found [1]
at org.testng.Assert.fail(Assert.java:111)
at org.testng.Assert.failNotEquals(Assert.java:1578)
at org.testng.Assert.assertEqualsImpl(Assert.java:150)
at org.testng.Assert.assertEquals(Assert.java:132)
at org.testng.Assert.assertEquals(Assert.java:1419)
at org.testng.Assert.assertEquals(Assert.java:1383)
at tests.CartTest.addMultipleItems_TC_CART_02(CartTest.java:37)
at java.base/jdk.internal.reflect.DirectMethodHandleAccessor.invoke(DirectMethodHandleAccessor.java:103)
at java.base/java.lang.reflect.Method.invoke(Method.java:580)
at org.testng.internal.invokers.MethodInvocationHelper.invokeMethod(MethodInvocationHelper.java:141)
at org.testng.internal.invokers.TestInvoker.invokeMethod(TestInvoker.java:686)
at org.testng.internal.invokers.TestInvoker.invokeTestMethod(TestInvoker.java:230)
at org.testng.internal.invokers.MethodRunner.runInSequence(MethodRunner.java:63)
at org.testng.internal.invokers.TestInvoker$MethodInvocationAgent.invoke(TestInvoker.java:992)
at org.testng.internal.invokers.TestInvoker.invokeTestMethods(TestInvoker.java:203)
at org.testng.internal.invokers.TestMethodWorker.invokeTestMethods(TestMethodWorker.java:154)
at org.testng.internal.invokers.TestMethodWorker.run(TestMethodWorker.java:134)
at java.base/java.util.ArrayList.forEach(ArrayList.java:1596)
at org.testng.TestRunner.privateRun(TestRunner.java:739)
at org.testng.TestRunner.run(TestRunner.java:614)
at org.testng.SuiteRunner.runTest(SuiteRunner.java:421)
at org.testng.SuiteRunner.runSequentially(SuiteRunner.java:413)
at org.testng.SuiteRunner.privateRun(SuiteRunner.java:373)
at org.testng.SuiteRunner.run(SuiteRunner.java:312)
at org.testng.SuiteRunnerWorker.runSuite(SuiteRunnerWorker.java:52)
at org.testng.SuiteRunnerWorker.run(SuiteRunnerWorker.java:95)
at org.testng.TestNG.runSuitesSequentially(TestNG.java:1274)
at org.testng.TestNG.runSuitesLocally(TestNG.java:1208)
at org.testng.TestNG.runSuites(TestNG.java:1112)
at org.testng.TestNG.run(TestNG.java:1079)
at org.apache.maven.surefire.testng.TestNGExecutor.run(TestNGExecutor.java:308)
at org.apache.maven.surefire.testng.TestNGXmlTestSuite.execute(TestNGXmlTestSuite.java:71)
at org.apache.maven.surefire.testng.TestNGProvider.invoke(TestNGProvider.java:113)
at org.apache.maven.surefire.booter.ForkedBooter.runSuitesInProcess(ForkedBooter.java:385)
at org.apache.maven.surefire.booter.ForkedBooter.execute(ForkedBooter.java:162)
at org.apache.maven.surefire.booter.ForkedBooter.run(ForkedBooter.java:507)
at org.apache.maven.surefire.booter.ForkedBooter.main(ForkedBooter.java:495)
]]>
            </full-stacktrace>
          </exception> <!-- java.lang.AssertionError -->
          <reporter-output>
          </reporter-output>
        </test-method> <!-- addMultipleItems_TC_CART_02 -->
        <test-method is-config="true" signature="tearDown()[pri:0, instance:tests.CartTest@57a78e3]" started-at="2026-05-18T19:20:36 PDT" name="tearDown" finished-at="2026-05-18T19:20:36 PDT" duration-ms="284" status="PASS">
          <reporter-output>
          </reporter-output>
        </test-method> <!-- tearDown -->
        <test-method is-config="true" signature="setup()[pri:0, instance:tests.CartTest@57a78e3]" started-at="2026-05-18T19:20:36 PDT" name="setup" finished-at="2026-05-18T19:20:38 PDT" duration-ms="1926" status="PASS">
          <reporter-output>
          </reporter-output>
        </test-method> <!-- setup -->
        <test-method signature="addSingleItem_TC_CART_01()[pri:0, instance:tests.CartTest@57a78e3]" started-at="2026-05-18T19:20:38 PDT" name="addSingleItem_TC_CART_01" finished-at="2026-05-18T19:20:38 PDT" duration-ms="598" status="PASS">
          <reporter-output>
          </reporter-output>
        </test-method> <!-- addSingleItem_TC_CART_01 -->
        <test-method is-config="true" signature="tearDown()[pri:0, instance:tests.CartTest@57a78e3]" started-at="2026-05-18T19:20:38 PDT" name="tearDown" finished-at="2026-05-18T19:20:39 PDT" duration-ms="260" status="PASS">
          <reporter-output>
          </reporter-output>
        </test-method> <!-- tearDown -->
        <test-method is-config="true" signature="setup()[pri:0, instance:tests.CartTest@57a78e3]" started-at="2026-05-18T19:20:39 PDT" name="setup" finished-at="2026-05-18T19:20:41 PDT" duration-ms="1922" status="PASS">
          <reporter-output>
          </reporter-output>
        </test-method> <!-- setup -->
        <test-method signature="cartBadgeCount_TC_CART_04()[pri:0, instance:tests.CartTest@57a78e3]" started-at="2026-05-18T19:20:41 PDT" name="cartBadgeCount_TC_CART_04" finished-at="2026-05-18T19:20:41 PDT" duration-ms="556" status="FAIL">
          <exception class="java.lang.AssertionError">
            <message>
              <![CDATA[Cart badge count is incorrect expected [2] but found [1]]]>
            </message>
            <full-stacktrace>
              <![CDATA[java.lang.AssertionError: Cart badge count is incorrect expected [2] but found [1]
at org.testng.Assert.fail(Assert.java:111)
at org.testng.Assert.failNotEquals(Assert.java:1578)
at org.testng.Assert.assertEqualsImpl(Assert.java:150)
at org.testng.Assert.assertEquals(Assert.java:132)
at org.testng.Assert.assertEquals(Assert.java:1419)
at org.testng.Assert.assertEquals(Assert.java:1383)
at tests.CartTest.cartBadgeCount_TC_CART_04(CartTest.java:68)
at java.base/jdk.internal.reflect.DirectMethodHandleAccessor.invoke(DirectMethodHandleAccessor.java:103)
at java.base/java.lang.reflect.Method.invoke(Method.java:580)
at org.testng.internal.invokers.MethodInvocationHelper.invokeMethod(MethodInvocationHelper.java:141)
at org.testng.internal.invokers.TestInvoker.invokeMethod(TestInvoker.java:686)
at org.testng.internal.invokers.TestInvoker.invokeTestMethod(TestInvoker.java:230)
at org.testng.internal.invokers.MethodRunner.runInSequence(MethodRunner.java:63)
at org.testng.internal.invokers.TestInvoker$MethodInvocationAgent.invoke(TestInvoker.java:992)
at org.testng.internal.invokers.TestInvoker.invokeTestMethods(TestInvoker.java:203)
at org.testng.internal.invokers.TestMethodWorker.invokeTestMethods(TestMethodWorker.java:154)
at org.testng.internal.invokers.TestMethodWorker.run(TestMethodWorker.java:134)
at java.base/java.util.ArrayList.forEach(ArrayList.java:1596)
at org.testng.TestRunner.privateRun(TestRunner.java:739)
at org.testng.TestRunner.run(TestRunner.java:614)
at org.testng.SuiteRunner.runTest(SuiteRunner.java:421)
at org.testng.SuiteRunner.runSequentially(SuiteRunner.java:413)
at org.testng.SuiteRunner.privateRun(SuiteRunner.java:373)
at org.testng.SuiteRunner.run(SuiteRunner.java:312)
at org.testng.SuiteRunnerWorker.runSuite(SuiteRunnerWorker.java:52)
at org.testng.SuiteRunnerWorker.run(SuiteRunnerWorker.java:95)
at org.testng.TestNG.runSuitesSequentially(TestNG.java:1274)
at org.testng.TestNG.runSuitesLocally(TestNG.java:1208)
at org.testng.TestNG.runSuites(TestNG.java:1112)
at org.testng.TestNG.run(TestNG.java:1079)
at org.apache.maven.surefire.testng.TestNGExecutor.run(TestNGExecutor.java:308)
at org.apache.maven.surefire.testng.TestNGXmlTestSuite.execute(TestNGXmlTestSuite.java:71)
at org.apache.maven.surefire.testng.TestNGProvider.invoke(TestNGProvider.java:113)
at org.apache.maven.surefire.booter.ForkedBooter.runSuitesInProcess(ForkedBooter.java:385)
at org.apache.maven.surefire.booter.ForkedBooter.execute(ForkedBooter.java:162)
at org.apache.maven.surefire.booter.ForkedBooter.run(ForkedBooter.java:507)
at org.apache.maven.surefire.booter.ForkedBooter.main(ForkedBooter.java:495)
]]>
            </full-stacktrace>
          </exception> <!-- java.lang.AssertionError -->
          <reporter-output>
          </reporter-output>
        </test-method> <!-- cartBadgeCount_TC_CART_04 -->
        <test-method is-config="true" signature="tearDown()[pri:0, instance:tests.CartTest@57a78e3]" started-at="2026-05-18T19:20:41 PDT" name="tearDown" finished-at="2026-05-18T19:20:41 PDT" duration-ms="259" status="PASS">
          <reporter-output>
          </reporter-output>
        </test-method> <!-- tearDown -->
        <test-method is-config="true" signature="setup()[pri:0, instance:tests.CartTest@57a78e3]" started-at="2026-05-18T19:20:42 PDT" name="setup" finished-at="2026-05-18T19:20:43 PDT" duration-ms="1574" status="PASS">
          <reporter-output>
          </reporter-output>
        </test-method> <!-- setup -->
        <test-method signature="removeItem_TC_CART_03()[pri:0, instance:tests.CartTest@57a78e3]" started-at="2026-05-18T19:20:43 PDT" name="removeItem_TC_CART_03" finished-at="2026-05-18T19:20:44 PDT" duration-ms="814" status="FAIL">
          <exception class="java.lang.AssertionError">
            <message>
              <![CDATA[Item was not removed expected [0] but found [1]]]>
            </message>
            <full-stacktrace>
              <![CDATA[java.lang.AssertionError: Item was not removed expected [0] but found [1]
at org.testng.Assert.fail(Assert.java:111)
at org.testng.Assert.failNotEquals(Assert.java:1578)
at org.testng.Assert.assertEqualsImpl(Assert.java:150)
at org.testng.Assert.assertEquals(Assert.java:132)
at org.testng.Assert.assertEquals(Assert.java:1419)
at org.testng.Assert.assertEquals(Assert.java:1383)
at tests.CartTest.removeItem_TC_CART_03(CartTest.java:53)
at java.base/jdk.internal.reflect.DirectMethodHandleAccessor.invoke(DirectMethodHandleAccessor.java:103)
at java.base/java.lang.reflect.Method.invoke(Method.java:580)
at org.testng.internal.invokers.MethodInvocationHelper.invokeMethod(MethodInvocationHelper.java:141)
at org.testng.internal.invokers.TestInvoker.invokeMethod(TestInvoker.java:686)
at org.testng.internal.invokers.TestInvoker.invokeTestMethod(TestInvoker.java:230)
at org.testng.internal.invokers.MethodRunner.runInSequence(MethodRunner.java:63)
at org.testng.internal.invokers.TestInvoker$MethodInvocationAgent.invoke(TestInvoker.java:992)
at org.testng.internal.invokers.TestInvoker.invokeTestMethods(TestInvoker.java:203)
at org.testng.internal.invokers.TestMethodWorker.invokeTestMethods(TestMethodWorker.java:154)
at org.testng.internal.invokers.TestMethodWorker.run(TestMethodWorker.java:134)
at java.base/java.util.ArrayList.forEach(ArrayList.java:1596)
at org.testng.TestRunner.privateRun(TestRunner.java:739)
at org.testng.TestRunner.run(TestRunner.java:614)
at org.testng.SuiteRunner.runTest(SuiteRunner.java:421)
at org.testng.SuiteRunner.runSequentially(SuiteRunner.java:413)
at org.testng.SuiteRunner.privateRun(SuiteRunner.java:373)
at org.testng.SuiteRunner.run(SuiteRunner.java:312)
at org.testng.SuiteRunnerWorker.runSuite(SuiteRunnerWorker.java:52)
at org.testng.SuiteRunnerWorker.run(SuiteRunnerWorker.java:95)
at org.testng.TestNG.runSuitesSequentially(TestNG.java:1274)
at org.testng.TestNG.runSuitesLocally(TestNG.java:1208)
at org.testng.TestNG.runSuites(TestNG.java:1112)
at org.testng.TestNG.run(TestNG.java:1079)
at org.apache.maven.surefire.testng.TestNGExecutor.run(TestNGExecutor.java:308)
at org.apache.maven.surefire.testng.TestNGXmlTestSuite.execute(TestNGXmlTestSuite.java:71)
at org.apache.maven.surefire.testng.TestNGProvider.invoke(TestNGProvider.java:113)
at org.apache.maven.surefire.booter.ForkedBooter.runSuitesInProcess(ForkedBooter.java:385)
at org.apache.maven.surefire.booter.ForkedBooter.execute(ForkedBooter.java:162)
at org.apache.maven.surefire.booter.ForkedBooter.run(ForkedBooter.java:507)
at org.apache.maven.surefire.booter.ForkedBooter.main(ForkedBooter.java:495)
]]>
            </full-stacktrace>
          </exception> <!-- java.lang.AssertionError -->
          <reporter-output>
          </reporter-output>
        </test-method> <!-- removeItem_TC_CART_03 -->
        <test-method is-config="true" signature="tearDown()[pri:0, instance:tests.CartTest@57a78e3]" started-at="2026-05-18T19:20:44 PDT" name="tearDown" finished-at="2026-05-18T19:20:44 PDT" duration-ms="255" status="PASS">
          <reporter-output>
          </reporter-output>
        </test-method> <!-- tearDown -->
      </class> <!-- tests.CartTest -->
    </test> <!-- Selenium Tests -->
  </suite> <!-- Automation Suite -->
</testng-results>
