<?xml version="1.0" encoding="UTF-8"?>
<!-- Generated by org.testng.reporters.JUnitReportReporter -->
<testsuite hostname="DESKTOP-TMRIIUO" failures="0" tests="6" name="tests.LoginTest" time="28.174" errors="0" timestamp="2026-05-18T19:20:45 PDT" skipped="0">
  <testcase classname="tests.LoginTest" name="emptyPasswordTest_TC03" time="6.936"/>
  <testcase classname="tests.LoginTest" name="incorrectPasswordTest_TC05" time="3.759"/>
  <testcase classname="tests.LoginTest" name="validLoginTest_TC01" time="3.700"/>
  <testcase classname="tests.LoginTest" name="incorrectUserNameTest_TC04" time="4.019"/>
  <testcase classname="tests.LoginTest" name="emptyUsernameTest_TC02" time="5.868"/>
  <testcase classname="tests.LoginTest" name="lockedUserTest_TC06" time="3.892"/>
</testsuite> <!-- tests.LoginTest -->
